<?xml version="1.0" encoding="UTF-8"?>
<!-- Generated by org.testng.reporters.JUnitReportReporter -->
<testsuite hostname="sreeja-PC" failures="0" tests="2" name="Test.Logintest" time="29.572" errors="0" timestamp="2020-08-29T12:49:02 EDT" skipped="0">
  <testcase classname="Test.Logintest" name="validateloginpagetest" time="0.106"/>
  <system-out/>
  <testcase classname="Test.Logintest" name="login" time="29.466"/>
  <system-out/>
</testsuite> <!-- Test.Logintest -->
