<?xml version="1.0" encoding="UTF-8"?>
<!-- Generated by org.testng.reporters.JUnitReportReporter -->
<testsuite hostname="sreeja-PC" failures="0" tests="1" name="Test.Home" time="29.567" errors="0" timestamp="2020-08-29T13:25:08 EDT" skipped="0">
  <testcase classname="Test.Home" name="Hometest" time="29.567"/>
  <system-out/>
</testsuite> <!-- Test.Home -->
